2025-06-24 14:26:29,477 - INFO - Successfully loaded E:\\Data_Csv\\employees.csv with 1000 rows and 8 columns
2025-06-24 14:26:29,505 - ERROR - Error generating visualizations: 'seaborn' is not a valid package style, path of style file, URL of style file, or library style name (library styles are listed in `style.available`)
2025-06-24 14:26:29,505 - ERROR - Error: Failed to generate visualizations: 'seaborn' is not a valid package style, path of style file, URL of style file, or library style name (library styles are listed in `style.available`)
2025-06-24 14:26:29,506 - INFO - Cleaned up output directory E:\Reports
2025-06-24 14:29:43,005 - INFO - Successfully loaded E:\\Data_Csv\\employees.csv with 1000 rows and 8 columns
2025-06-24 14:29:46,667 - ERROR - Error generating Sweetviz report: module 'numpy' has no attribute 'VisibleDeprecationWarning'
2025-06-24 14:29:46,668 - ERROR - Error: Failed to generate Sweetviz report: module 'numpy' has no attribute 'VisibleDeprecationWarning'
2025-06-24 14:29:46,669 - INFO - Cleaned up output directory E:\Reports
2025-06-24 14:34:04,770 - INFO - Successfully loaded E:\\Data_Csv\\employees.csv with 1000 rows and 8 columns
2025-06-24 14:34:06,893 - ERROR - Error generating Sweetviz report: module 'numpy' has no attribute 'VisibleDeprecationWarning'
2025-06-24 14:34:06,893 - ERROR - Error: Failed to generate Sweetviz report: module 'numpy' has no attribute 'VisibleDeprecationWarning'
2025-06-24 14:34:06,895 - INFO - Cleaned up output directory E:\Reports
2025-06-24 14:37:17,547 - INFO - Successfully loaded E:\\Data_Csv\\employees.csv with 1000 rows and 8 columns
2025-06-24 14:37:19,365 - ERROR - Error generating Sweetviz report: module 'numpy' has no attribute 'VisibleDeprecationWarning'
2025-06-24 14:37:19,366 - ERROR - Error: Failed to generate Sweetviz report: module 'numpy' has no attribute 'VisibleDeprecationWarning'
2025-06-24 14:37:19,367 - INFO - Cleaned up output directory E:\Reports
2025-06-24 14:39:42,196 - INFO - Successfully loaded E:\\Data_Csv\\employees.csv with 1000 rows and 8 columns
2025-06-24 14:39:44,299 - ERROR - Error generating Sweetviz report: module 'numpy' has no attribute 'VisibleDeprecationWarning'
2025-06-24 14:39:44,300 - ERROR - Error: Failed to generate Sweetviz report: module 'numpy' has no attribute 'VisibleDeprecationWarning'
2025-06-24 14:39:44,302 - INFO - Cleaned up output directory E:\Reports
2025-06-24 14:43:30,356 - INFO - Successfully loaded E:\\Data_Csv\\employees.csv with 1000 rows and 8 columns
2025-06-24 14:43:32,313 - ERROR - Error generating Sweetviz report: module 'numpy' has no attribute 'VisibleDeprecationWarning'
2025-06-24 14:43:32,314 - ERROR - Error: Failed to generate Sweetviz report: module 'numpy' has no attribute 'VisibleDeprecationWarning'
2025-06-24 14:43:32,315 - INFO - Cleaned up output directory E:\Reports
2025-06-24 14:46:54,766 - INFO - Successfully loaded E:\\Data_Csv\\employees.csv with 1000 rows and 8 columns
2025-06-24 14:46:54,791 - INFO - Basic statistics generated
2025-06-24 14:46:56,153 - INFO - Visualizations saved
2025-06-24 14:46:56,951 - ERROR - Error generating Sweetviz report: module 'numpy' has no attribute 'VisibleDeprecationWarning'
2025-06-24 14:46:56,952 - ERROR - Error: Failed to generate Sweetviz report: module 'numpy' has no attribute 'VisibleDeprecationWarning'
2025-06-24 14:46:56,953 - INFO - Cleaned up output directory E:\Reports
2025-06-24 14:48:47,710 - INFO - Successfully loaded E:\\Data_Csv\\employees.csv with 1000 rows and 8 columns
2025-06-24 14:48:47,737 - INFO - Basic statistics generated
2025-06-24 14:48:49,114 - INFO - Visualizations saved
2025-06-24 14:48:49,869 - ERROR - Error generating Sweetviz report: module 'numpy' has no attribute 'VisibleDeprecationWarning'
2025-06-24 14:48:49,869 - ERROR - Error: Failed to generate Sweetviz report: module 'numpy' has no attribute 'VisibleDeprecationWarning'
2025-06-24 14:48:49,871 - INFO - Cleaned up output directory E:\Reports
2025-06-24 14:51:38,614 - INFO - Successfully loaded E:\\Data_Csv\\employees.csv with 1000 rows and 8 columns
2025-06-24 14:51:38,637 - INFO - Basic statistics generated
2025-06-24 14:51:39,998 - INFO - Visualizations saved
2025-06-24 14:51:39,999 - INFO - Final report saved to E:\Reports\employees_eda_report.html
2025-06-24 14:51:39,999 - INFO - EDA report generation completed successfully. Report saved to: E:\Reports\employees_eda_report.html
2025-06-24 15:11:11,724 - INFO - Successfully loaded E:\\Data_Csv\\employees.csv with 1000 rows and 8 columns
2025-06-24 15:11:11,751 - INFO - Basic statistics generated
2025-06-24 15:11:13,221 - INFO - Visualizations saved
2025-06-24 15:11:13,222 - INFO - Final report saved to E:\Reports\employees_eda_report.html
2025-06-24 15:11:13,222 - INFO - EDA report generation completed successfully. Report saved to: E:\Reports\employees_eda_report.html
2025-06-24 15:23:51,954 - INFO - Successfully loaded E:\\Data_Csv\\employees.csv with 1000 rows and 8 columns
2025-06-24 15:23:51,967 - INFO - Basic statistics generated
2025-06-24 15:23:53,357 - INFO - Visualizations saved
2025-06-24 15:23:53,358 - INFO - Final report saved to E:\Reports\employees_eda_report.html
2025-06-24 15:23:53,358 - INFO - EDA report generation completed successfully. Report saved to: E:\Reports\employees_eda_report.html
2025-06-24 15:30:26,929 - INFO - Successfully loaded E:\\Data_Csv\\employees.csv with 1000 rows and 8 columns
2025-06-24 15:30:26,944 - INFO - Basic statistics generated
2025-06-24 15:30:28,396 - INFO - Visualizations saved
2025-06-24 15:30:28,396 - INFO - Final report saved to E:\Reports\employees_eda_report.html
2025-06-24 15:30:28,397 - INFO - EDA report generation completed successfully. Report saved to: E:\Reports\employees_eda_report.html
2025-06-24 15:33:52,939 - INFO - Successfully loaded E:\\Data_Csv\\employees.csv with 1000 rows and 8 columns
2025-06-24 15:33:52,955 - INFO - Basic statistics generated
2025-06-24 15:33:54,431 - INFO - Visualizations saved
2025-06-24 15:33:54,431 - INFO - Final report saved to E:\Reports\employees_eda_report.html
2025-06-24 15:33:54,432 - INFO - EDA report generation completed successfully. Report saved to: E:\Reports\employees_eda_report.html
2025-06-24 15:44:15,140 - INFO - Successfully loaded E:\\Data_Csv\\employees.csv with 1000 rows and 8 columns
2025-06-24 15:44:15,157 - INFO - Basic statistics generated
2025-06-24 15:44:16,684 - INFO - Visualizations saved
2025-06-24 15:44:16,685 - INFO - Final report saved to E:\Reports\employees_eda_report.html
2025-06-24 15:44:16,685 - INFO - EDA report generation completed successfully. Report saved to: E:\Reports\employees_eda_report.html
2025-06-24 15:44:57,357 - INFO - Successfully loaded E:\\Data_Csv\\employees.csv with 1000 rows and 8 columns
2025-06-24 15:44:57,374 - INFO - Basic statistics generated
2025-06-24 15:44:58,800 - INFO - Visualizations saved
2025-06-24 15:44:58,801 - INFO - Final report saved to E:\Reports\employees_eda_report.html
2025-06-24 15:44:58,801 - INFO - EDA report generation completed successfully. Report saved to: E:\Reports\employees_eda_report.html
2025-06-24 15:47:19,631 - ERROR - Input file E:\SEO\Backlink Data DROFSEO.xlsx must be a CSV file
2025-06-24 15:47:19,631 - ERROR - Error: Input file must be a CSV file
2025-06-24 15:48:07,411 - ERROR - Input file E:\SEO\Backlink Data DROFSEO.xlsx does not exist
2025-06-24 15:48:07,411 - ERROR - Error: Input file E:\SEO\Backlink Data DROFSEO.xlsx does not exist
2025-06-24 15:48:55,720 - ERROR - Error loading file E:\SEO\Backlink Data DROFSEO.csv: 'utf-8' codec can't decode byte 0x87 in position 10: invalid start byte
2025-06-24 15:48:55,720 - ERROR - Error: 'utf-8' codec can't decode byte 0x87 in position 10: invalid start byte
2025-06-24 15:58:23,619 - INFO - Successfully loaded E:\SEO\ConvertedCSVs\Guest Post Site.csv with 6050 rows and 15 columns
2025-06-24 15:58:23,679 - INFO - Basic statistics generated
2025-06-24 15:58:23,681 - WARNING - No numerical columns found for visualizations
2025-06-24 15:58:23,682 - INFO - Final report saved to E:\Reports\backlink_eda_report.html
2025-06-24 15:58:23,683 - INFO - EDA report generation completed successfully. Report saved to: E:\Reports\backlink_eda_report.html
2025-06-24 16:32:28,367 - INFO - Successfully loaded E:/SEO/ConvertedCSVs/Guest Post Site.csv with 6050 rows and 15 columns
2025-06-24 16:32:28,384 - ERROR - Error generating basic stats: Cannot describe a DataFrame without columns
2025-06-24 16:32:28,462 - INFO - Cleaned up E:/Reports
2025-06-24 16:34:22,295 - INFO - Successfully loaded E:\Data_Csv\employees.csv with 1000 rows and 8 columns
2025-06-24 16:34:22,402 - INFO - Basic statistics generated
2025-06-24 16:34:27,267 - INFO - Using categorical units to plot a list of strings that are all parsable as floats or dates. If these strings should be plotted as numbers, cast to the appropriate data type before plotting.
2025-06-24 16:34:27,346 - INFO - Using categorical units to plot a list of strings that are all parsable as floats or dates. If these strings should be plotted as numbers, cast to the appropriate data type before plotting.
2025-06-24 16:34:33,564 - INFO - Using categorical units to plot a list of strings that are all parsable as floats or dates. If these strings should be plotted as numbers, cast to the appropriate data type before plotting.
2025-06-24 16:34:33,617 - INFO - Using categorical units to plot a list of strings that are all parsable as floats or dates. If these strings should be plotted as numbers, cast to the appropriate data type before plotting.
2025-06-24 16:34:38,097 - INFO - Visualizations generated
2025-06-24 16:34:38,098 - INFO - Report saved to E:/Reports\backlink_eda_report.html
2025-06-24 21:49:55,401 - INFO - Successfully loaded E:\Data_Csv\employees.csv with 1000 rows and 8 columns
2025-06-24 21:49:55,495 - INFO - Basic statistics generated
2025-06-24 21:50:02,052 - INFO - Using categorical units to plot a list of strings that are all parsable as floats or dates. If these strings should be plotted as numbers, cast to the appropriate data type before plotting.
2025-06-24 21:50:02,117 - INFO - Using categorical units to plot a list of strings that are all parsable as floats or dates. If these strings should be plotted as numbers, cast to the appropriate data type before plotting.
2025-06-24 21:50:07,953 - INFO - Using categorical units to plot a list of strings that are all parsable as floats or dates. If these strings should be plotted as numbers, cast to the appropriate data type before plotting.
2025-06-24 21:50:08,024 - INFO - Using categorical units to plot a list of strings that are all parsable as floats or dates. If these strings should be plotted as numbers, cast to the appropriate data type before plotting.
2025-06-24 21:50:12,391 - INFO - Visualizations generated
2025-06-24 21:50:12,392 - INFO - Report saved to E:/Reports\backlink_eda_report.html
2025-06-24 21:50:12,393 - INFO - Report generated successfully: E:/Reports\backlink_eda_report.html
2025-06-24 21:50:16,941 - INFO - Successfully loaded E:\Data_Csv\employees.csv with 1000 rows and 8 columns
2025-06-24 21:50:17,017 - INFO - Basic statistics generated
2025-06-24 21:50:22,022 - INFO - Using categorical units to plot a list of strings that are all parsable as floats or dates. If these strings should be plotted as numbers, cast to the appropriate data type before plotting.
2025-06-24 21:50:22,107 - INFO - Using categorical units to plot a list of strings that are all parsable as floats or dates. If these strings should be plotted as numbers, cast to the appropriate data type before plotting.
2025-06-24 21:50:33,761 - INFO - Using categorical units to plot a list of strings that are all parsable as floats or dates. If these strings should be plotted as numbers, cast to the appropriate data type before plotting.
2025-06-24 21:50:33,871 - INFO - Using categorical units to plot a list of strings that are all parsable as floats or dates. If these strings should be plotted as numbers, cast to the appropriate data type before plotting.
2025-06-24 21:50:43,730 - INFO - Visualizations generated
2025-06-24 21:50:43,733 - INFO - Report saved to E:/Reports\backlink_eda_report.html
2025-06-24 21:50:43,734 - INFO - Report generated successfully: E:/Reports\backlink_eda_report.html
2025-06-24 22:11:08,824 - INFO - Successfully loaded E:\Data_Csv\employees.csv with 1000 rows and 8 columns
2025-06-24 22:11:08,930 - INFO - Basic statistics generated
2025-06-24 22:11:08,933 - INFO - Imputation suggestions generated
2025-06-24 22:11:29,580 - INFO - Interactive visualizations generated
2025-06-24 22:11:29,581 - INFO - Report saved to E:/Reports\backlink_eda_report.html
2025-06-24 22:11:29,582 - INFO - Report generated successfully: E:/Reports\backlink_eda_report.html
2025-06-24 22:21:12,311 - INFO - Loading file: E:\Data_Csv\employees.csv
2025-06-24 22:21:12,552 - INFO - Combined dataset with 1000 rows and 8 columns
2025-06-24 22:21:12,617 - INFO - Basic statistics generated
2025-06-24 22:21:12,620 - INFO - Imputation suggestions generated
2025-06-24 22:21:15,691 - INFO - Interactive visualizations generated
2025-06-24 22:21:15,692 - INFO - Report saved to E:/Reports\backlink_eda_report.html
2025-06-24 22:21:15,693 - INFO - Report generated successfully: E:/Reports\backlink_eda_report.html
2025-06-24 22:21:44,755 - INFO - Loading file: E:\Data_Csv\employees.csv
2025-06-24 22:21:44,928 - INFO - Combined dataset with 1000 rows and 8 columns
2025-06-24 22:21:44,981 - INFO - Basic statistics generated
2025-06-24 22:21:44,985 - INFO - Imputation suggestions generated
2025-06-24 22:21:47,443 - INFO - Interactive visualizations generated
2025-06-24 22:21:47,444 - INFO - Report saved to E:/Reports\backlink_eda_report.html
2025-06-24 22:21:47,445 - INFO - Report generated successfully: E:/Reports\backlink_eda_report.html
2025-06-24 22:24:02,922 - INFO - Successfully loaded E:\Data_Csv\employees.csv with 1000 rows and 8 columns
2025-06-24 22:24:03,019 - INFO - Basic statistics generated
2025-06-24 22:24:03,023 - INFO - Imputation suggestions generated
2025-06-24 22:24:05,451 - INFO - Interactive visualizations generated
2025-06-24 22:24:05,453 - INFO - Report saved to E:/Reports\backlink_eda_report.html
2025-06-24 22:24:05,453 - INFO - Report generated successfully: E:/Reports\backlink_eda_report.html
2025-06-24 22:29:15,590 - INFO - Successfully loaded E:\SEO\ConvertedCSVs\Guest Post Site.csv with 6050 rows and 15 columns
2025-06-24 22:29:15,855 - INFO - Basic statistics generated
2025-06-24 22:29:15,863 - INFO - Imputation suggestions generated
2025-06-24 22:29:18,471 - INFO - Interactive visualizations generated
2025-06-24 22:29:18,478 - INFO - Report saved to E:/Reports\backlink_eda_report.html
2025-06-24 22:29:18,479 - INFO - Report generated successfully: E:/Reports\backlink_eda_report.html
2025-06-24 22:33:13,491 - ERROR - Unexpected error: name 'os' is not defined
2025-06-24 22:34:56,831 - INFO - Successfully loaded E:\Data_Csv\employees.csv with 1000 rows and 8 columns
2025-06-24 22:34:56,917 - INFO - Basic statistics generated
2025-06-24 22:34:56,921 - INFO - Imputation suggestions generated
2025-06-24 22:34:59,662 - INFO - Interactive visualizations generated
2025-06-24 22:34:59,666 - INFO - Report saved to E:\Reports\backlink_eda_report.html
2025-06-24 22:34:59,666 - INFO - Report generated successfully: E:\Reports\backlink_eda_report.html
2025-06-24 22:44:38,642 - ERROR - Unexpected error: name 'os' is not defined
2025-06-24 22:45:07,921 - INFO - Successfully loaded E:\Data_Csv\employees.csv with 1000 rows and 8 columns
2025-06-24 22:45:07,991 - INFO - Basic statistics generated
2025-06-24 22:45:07,994 - INFO - Imputation suggestions generated
2025-06-24 22:45:12,478 - INFO - Interactive visualizations generated
2025-06-24 22:45:12,482 - INFO - Report saved to E:\Reports\backlink_eda_report.html
2025-06-24 22:45:12,482 - INFO - Report generated successfully: E:\Reports\backlink_eda_report.html
2025-06-24 22:50:24,942 - INFO - Successfully loaded E:\Data_Csv\Crime_Data_from_2020_to_Present.csv with 1005091 rows and 28 columns
2025-06-24 22:50:34,166 - INFO - Basic statistics generated
2025-06-24 22:50:35,350 - INFO - Imputation suggestions generated
2025-06-24 22:50:59,242 - INFO - Interactive visualizations generated
2025-06-24 22:50:59,523 - INFO - Report saved to E:\Reports\backlink_eda_report.html
2025-06-24 22:50:59,528 - INFO - Report generated successfully: E:\Reports\backlink_eda_report.html
